<?xml version="1.0" encoding="UTF-8"?>
<!-- Generated by org.testng.reporters.JUnitXMLReporter -->
<testsuite ignored="0" hostname="LAPTOP-B0UCABTJ" failures="0" tests="20" name="Default test" time="0.702" errors="0" timestamp="2022-04-21T11:29:12 IST">
  <testcase classname="testng1.Dptest" name="testdata1" time="0.006"/>
  <testcase classname="testng1.Dptest" name="testdata1" time="0.001"/>
  <testcase classname="testng1.Dptest" name="testdata1" time="0.001"/>
  <testcase classname="testng1.Dptest" name="testdata1" time="0.0"/>
  <testcase classname="testng1.Dptest" name="testdata1" time="0.001"/>
  <testcase classname="testng1.Dptest" name="testdata1" time="0.0"/>
  <testcase classname="testng1.Dptest" name="testdata1" time="0.001"/>
  <testcase classname="testng1.Dptest" name="testdata1" time="0.0"/>
  <testcase classname="testng1.Dptest" name="testdata1" time="0.001"/>
  <testcase classname="testng1.Dptest" name="testdata1" time="0.001"/>
  <testcase classname="testng1.Dptest" name="testdata1" time="0.003"/>
  <testcase classname="testng1.Dptest" name="testdata1" time="0.0"/>
  <testcase classname="testng1.Dptest" name="testdata1" time="0.001"/>
  <testcase classname="testng1.Dptest" name="testdata1" time="0.001"/>
  <testcase classname="testng1.Dptest" name="testdata1" time="0.001"/>
  <testcase classname="testng1.Dptest" name="testdata1" time="0.001"/>
  <testcase classname="testng1.Dptest" name="testdata1" time="0.001"/>
  <testcase classname="testng1.Dptest" name="testdata1" time="0.0"/>
  <testcase classname="testng1.Dptest" name="testdata1" time="0.0"/>
  <testcase classname="testng1.Dptest" name="testdata1" time="0.001"/>
</testsuite> <!-- Default test -->
