<?xml version="1.0" encoding="UTF-8"?>
<!-- Generated by org.testng.reporters.JUnitXMLReporter -->
<testsuite ignored="0" hostname="LAPTOP-B0UCABTJ" failures="0" tests="1000" name="Test" time="0.542" errors="0" timestamp="2022-04-17T21:50:46 IST">
  <testcase classname="assignment1.A" name="m1" time="0.007"/>
  <testcase classname="assignment1.A" name="m1" time="0.0"/>
  <testcase classname="assignment1.A" name="m1" time="0.0"/>
  <testcase classname="assignment1.A" name="m1" time="0.0"/>
  <testcase classname="assignment1.A" name="m1" time="0.0"/>
  <testcase classname="assignment1.A" name="m1" time="0.001"/>
  <testcase classname="assignment1.A" name="m1" time="0.0"/>
  <testcase classname="assignment1.A" name="m1" time="0.002"/>
  <testcase classname="assignment1.A" name="m1" time="0.001"/>
  <testcase classname="assignment1.A" name="m1" time="0.001"/>
  <testcase classname="assignment1.A" name="m1" time="0.0"/>
  <testcase classname="assignment1.A" name="m1" time="0.001"/>
  <testcase classname="assignment1.A" name="m1" time="0.0"/>
  <testcase classname="assignment1.A" name="m1" time="0.0"/>
  <testcase classname="assignment1.A" name="m1" time="0.0"/>
  <testcase classname="assignment1.A" name="m1" time="0.001"/>
  <testcase classname="assignment1.A" name="m1" time="0.0"/>
  <testcase classname="assignment1.A" name="m1" time="0.0"/>
  <testcase classname="assignment1.A" name="m1" time="0.0"/>
  <testcase classname="assignment1.A" name="m1" time="0.0"/>
  <testcase classname="assignment1.A" name="m1" time="0.001"/>
  <testcase classname="assignment1.A" name="m1" time="0.001"/>
  <testcase classname="assignment1.A" name="m1" time="0.001"/>
  <testcase classname="assignment1.A" name="m1" time="0.001"/>
  <testcase classname="assignment1.A" name="m1" time="0.001"/>
  <testcase classname="assignment1.A" name="m1" time="0.001"/>
  <testcase classname="assignment1.A" name="m1" time="0.0"/>
  <testcase classname="assignment1.A" name="m1" time="0.0"/>
  <testcase classname="assignment1.A" name="m1" time="0.001"/>
  <testcase classname="assignment1.A" name="m1" time="0.0"/>
  <testcase classname="assignment1.A" name="m1" time="0.0"/>
  <testcase classname="assignment1.A" name="m1" time="0.0"/>
  <testcase classname="assignment1.A" name="m1" time="0.001"/>
  <testcase classname="assignment1.A" name="m1" time="0.002"/>
  <testcase classname="assignment1.A" name="m1" time="0.001"/>
  <testcase classname="assignment1.A" name="m1" time="0.001"/>
  <testcase classname="assignment1.A" name="m1" time="0.001"/>
  <testcase classname="assignment1.A" name="m1" time="0.001"/>
  <testcase classname="assignment1.A" name="m1" time="0.0"/>
  <testcase classname="assignment1.A" name="m1" time="0.001"/>
  <testcase classname="assignment1.A" name="m1" time="0.0"/>
  <testcase classname="assignment1.A" name="m1" time="0.0"/>
  <testcase classname="assignment1.A" name="m1" time="0.0"/>
  <testcase classname="assignment1.A" name="m1" time="0.0"/>
  <testcase classname="assignment1.A" name="m1" time="0.001"/>
  <testcase classname="assignment1.A" name="m1" time="0.001"/>
  <testcase classname="assignment1.A" name="m1" time="0.0"/>
  <testcase classname="assignment1.A" name="m1" time="0.0"/>
  <testcase classname="assignment1.A" name="m1" time="0.001"/>
  <testcase classname="assignment1.A" name="m1" time="0.0"/>
  <testcase classname="assignment1.A" name="m1" time="0.001"/>
  <testcase classname="assignment1.A" name="m1" time="0.001"/>
  <testcase classname="assignment1.A" name="m1" time="0.0"/>
  <testcase classname="assignment1.A" name="m1" time="0.0"/>
  <testcase classname="assignment1.A" name="m1" time="0.0"/>
  <testcase classname="assignment1.A" name="m1" time="0.0"/>
  <testcase classname="assignment1.A" name="m1" time="0.0"/>
  <testcase classname="assignment1.A" name="m1" time="0.0"/>
  <testcase classname="assignment1.A" name="m1" time="0.002"/>
  <testcase classname="assignment1.A" name="m1" time="0.0"/>
  <testcase classname="assignment1.A" name="m1" time="0.0"/>
  <testcase classname="assignment1.A" name="m1" time="0.001"/>
  <testcase classname="assignment1.A" name="m1" time="0.001"/>
  <testcase classname="assignment1.A" name="m1" time="0.0"/>
  <testcase classname="assignment1.A" name="m1" time="0.0"/>
  <testcase classname="assignment1.A" name="m1" time="0.001"/>
  <testcase classname="assignment1.A" name="m1" time="0.0"/>
  <testcase classname="assignment1.A" name="m1" time="0.001"/>
  <testcase classname="assignment1.A" name="m1" time="0.0"/>
  <testcase classname="assignment1.A" name="m1" time="0.0"/>
  <testcase classname="assignment1.A" name="m1" time="0.0"/>
  <testcase classname="assignment1.A" name="m1" time="0.0"/>
  <testcase classname="assignment1.A" name="m1" time="0.0"/>
  <testcase classname="assignment1.A" name="m1" time="0.0"/>
  <testcase classname="assignment1.A" name="m1" time="0.0"/>
  <testcase classname="assignment1.A" name="m1" time="0.0"/>
  <testcase classname="assignment1.A" name="m1" time="0.0"/>
  <testcase classname="assignment1.A" name="m1" time="0.0"/>
  <testcase classname="assignment1.A" name="m1" time="0.001"/>
  <testcase classname="assignment1.A" name="m1" time="0.0"/>
  <testcase classname="assignment1.A" name="m1" time="0.0"/>
  <testcase classname="assignment1.A" name="m1" time="0.0"/>
  <testcase classname="assignment1.A" name="m1" time="0.0"/>
  <testcase classname="assignment1.A" name="m1" time="0.001"/>
  <testcase classname="assignment1.A" name="m1" time="0.0"/>
  <testcase classname="assignment1.A" name="m1" time="0.0"/>
  <testcase classname="assignment1.A" name="m1" time="0.0"/>
  <testcase classname="assignment1.A" name="m1" time="0.0"/>
  <testcase classname="assignment1.A" name="m1" time="0.0"/>
  <testcase classname="assignment1.A" name="m1" time="0.0"/>
  <testcase classname="assignment1.A" name="m1" time="0.0"/>
  <testcase classname="assignment1.A" name="m1" time="0.0"/>
  <testcase classname="assignment1.A" name="m1" time="0.001"/>
  <testcase classname="assignment1.A" name="m1" time="0.001"/>
  <testcase classname="assignment1.A" name="m1" time="0.0"/>
  <testcase classname="assignment1.A" name="m1" time="0.0"/>
  <testcase classname="assignment1.A" name="m1" time="0.0"/>
  <testcase classname="assignment1.A" name="m1" time="0.001"/>
  <testcase classname="assignment1.A" name="m1" time="0.0"/>
  <testcase classname="assignment1.A" name="m1" time="0.0"/>
  <testcase classname="assignment1.A" name="m1" time="0.0"/>
  <testcase classname="assignment1.A" name="m1" time="0.0"/>
  <testcase classname="assignment1.A" name="m1" time="0.0"/>
  <testcase classname="assignment1.A" name="m1" time="0.0"/>
  <testcase classname="assignment1.A" name="m1" time="0.0"/>
  <testcase classname="assignment1.A" name="m1" time="0.0"/>
  <testcase classname="assignment1.A" name="m1" time="0.001"/>
  <testcase classname="assignment1.A" name="m1" time="0.0"/>
  <testcase classname="assignment1.A" name="m1" time="0.001"/>
  <testcase classname="assignment1.A" name="m1" time="0.001"/>
  <testcase classname="assignment1.A" name="m1" time="0.0"/>
  <testcase classname="assignment1.A" name="m1" time="0.0"/>
  <testcase classname="assignment1.A" name="m1" time="0.001"/>
  <testcase classname="assignment1.A" name="m1" time="0.001"/>
  <testcase classname="assignment1.A" name="m1" time="0.0"/>
  <testcase classname="assignment1.A" name="m1" time="0.0"/>
  <testcase classname="assignment1.A" name="m1" time="0.0"/>
  <testcase classname="assignment1.A" name="m1" time="0.0"/>
  <testcase classname="assignment1.A" name="m1" time="0.001"/>
  <testcase classname="assignment1.A" name="m1" time="0.001"/>
  <testcase classname="assignment1.A" name="m1" time="0.001"/>
  <testcase classname="assignment1.A" name="m1" time="0.001"/>
  <testcase classname="assignment1.A" name="m1" time="0.001"/>
  <testcase classname="assignment1.A" name="m1" time="0.001"/>
  <testcase classname="assignment1.A" name="m1" time="0.001"/>
  <testcase classname="assignment1.A" name="m1" time="0.0"/>
  <testcase classname="assignment1.A" name="m1" time="0.0"/>
  <testcase classname="assignment1.A" name="m1" time="0.003"/>
  <testcase classname="assignment1.A" name="m1" time="0.001"/>
  <testcase classname="assignment1.A" name="m1" time="0.0"/>
  <testcase classname="assignment1.A" name="m1" time="0.001"/>
  <testcase classname="assignment1.A" name="m1" time="0.0"/>
  <testcase classname="assignment1.A" name="m1" time="0.001"/>
  <testcase classname="assignment1.A" name="m1" time="0.001"/>
  <testcase classname="assignment1.A" name="m1" time="0.001"/>
  <testcase classname="assignment1.A" name="m1" time="0.001"/>
  <testcase classname="assignment1.A" name="m1" time="0.0"/>
  <testcase classname="assignment1.A" name="m1" time="0.0"/>
  <testcase classname="assignment1.A" name="m1" time="0.0"/>
  <testcase classname="assignment1.A" name="m1" time="0.001"/>
  <testcase classname="assignment1.A" name="m1" time="0.001"/>
  <testcase classname="assignment1.A" name="m1" time="0.0"/>
  <testcase classname="assignment1.A" name="m1" time="0.001"/>
  <testcase classname="assignment1.A" name="m1" time="0.001"/>
  <testcase classname="assignment1.A" name="m1" time="0.001"/>
  <testcase classname="assignment1.A" name="m1" time="0.0"/>
  <testcase classname="assignment1.A" name="m1" time="0.001"/>
  <testcase classname="assignment1.A" name="m1" time="0.0"/>
  <testcase classname="assignment1.A" name="m1" time="0.0"/>
  <testcase classname="assignment1.A" name="m1" time="0.0"/>
  <testcase classname="assignment1.A" name="m1" time="0.0"/>
  <testcase classname="assignment1.A" name="m1" time="0.0"/>
  <testcase classname="assignment1.A" name="m1" time="0.0"/>
  <testcase classname="assignment1.A" name="m1" time="0.001"/>
  <testcase classname="assignment1.A" name="m1" time="0.001"/>
  <testcase classname="assignment1.A" name="m1" time="0.0"/>
  <testcase classname="assignment1.A" name="m1" time="0.0"/>
  <testcase classname="assignment1.A" name="m1" time="0.001"/>
  <testcase classname="assignment1.A" name="m1" time="0.0"/>
  <testcase classname="assignment1.A" name="m1" time="0.001"/>
  <testcase classname="assignment1.A" name="m1" time="0.0"/>
  <testcase classname="assignment1.A" name="m1" time="0.001"/>
  <testcase classname="assignment1.A" name="m1" time="0.002"/>
  <testcase classname="assignment1.A" name="m1" time="0.0"/>
  <testcase classname="assignment1.A" name="m1" time="0.0"/>
  <testcase classname="assignment1.A" name="m1" time="0.0"/>
  <testcase classname="assignment1.A" name="m1" time="0.0"/>
  <testcase classname="assignment1.A" name="m1" time="0.0"/>
  <testcase classname="assignment1.A" name="m1" time="0.0"/>
  <testcase classname="assignment1.A" name="m1" time="0.0"/>
  <testcase classname="assignment1.A" name="m1" time="0.001"/>
  <testcase classname="assignment1.A" name="m1" time="0.0"/>
  <testcase classname="assignment1.A" name="m1" time="0.0"/>
  <testcase classname="assignment1.A" name="m1" time="0.001"/>
  <testcase classname="assignment1.A" name="m1" time="0.0"/>
  <testcase classname="assignment1.A" name="m1" time="0.0"/>
  <testcase classname="assignment1.A" name="m1" time="0.0"/>
  <testcase classname="assignment1.A" name="m1" time="0.0"/>
  <testcase classname="assignment1.A" name="m1" time="0.001"/>
  <testcase classname="assignment1.A" name="m1" time="0.0"/>
  <testcase classname="assignment1.A" name="m1" time="0.001"/>
  <testcase classname="assignment1.A" name="m1" time="0.0"/>
  <testcase classname="assignment1.A" name="m1" time="0.0"/>
  <testcase classname="assignment1.A" name="m1" time="0.0"/>
  <testcase classname="assignment1.A" name="m1" time="0.0"/>
  <testcase classname="assignment1.A" name="m1" time="0.001"/>
  <testcase classname="assignment1.A" name="m1" time="0.0"/>
  <testcase classname="assignment1.A" name="m1" time="0.0"/>
  <testcase classname="assignment1.A" name="m1" time="0.0"/>
  <testcase classname="assignment1.A" name="m1" time="0.0"/>
  <testcase classname="assignment1.A" name="m1" time="0.0"/>
  <testcase classname="assignment1.A" name="m1" time="0.0"/>
  <testcase classname="assignment1.A" name="m1" time="0.0"/>
  <testcase classname="assignment1.A" name="m1" time="0.0"/>
  <testcase classname="assignment1.A" name="m1" time="0.0"/>
  <testcase classname="assignment1.A" name="m1" time="0.0"/>
  <testcase classname="assignment1.A" name="m1" time="0.0"/>
  <testcase classname="assignment1.A" name="m1" time="0.0"/>
  <testcase classname="assignment1.A" name="m1" time="0.0"/>
  <testcase classname="assignment1.A" name="m1" time="0.0"/>
  <testcase classname="assignment1.A" name="m1" time="0.0"/>
  <testcase classname="assignment1.A" name="m1" time="0.0"/>
  <testcase classname="assignment1.A" name="m1" time="0.0"/>
  <testcase classname="assignment1.A" name="m1" time="0.0"/>
  <testcase classname="assignment1.A" name="m1" time="0.0"/>
  <testcase classname="assignment1.A" name="m1" time="0.0"/>
  <testcase classname="assignment1.A" name="m1" time="0.0"/>
  <testcase classname="assignment1.A" name="m1" time="0.0"/>
  <testcase classname="assignment1.A" name="m1" time="0.0"/>
  <testcase classname="assignment1.A" name="m1" time="0.0"/>
  <testcase classname="assignment1.A" name="m1" time="0.001"/>
  <testcase classname="assignment1.A" name="m1" time="0.0"/>
  <testcase classname="assignment1.A" name="m1" time="0.0"/>
  <testcase classname="assignment1.A" name="m1" time="0.0"/>
  <testcase classname="assignment1.A" name="m1" time="0.001"/>
  <testcase classname="assignment1.A" name="m1" time="0.0"/>
  <testcase classname="assignment1.A" name="m1" time="0.0"/>
  <testcase classname="assignment1.A" name="m1" time="0.0"/>
  <testcase classname="assignment1.A" name="m1" time="0.0"/>
  <testcase classname="assignment1.A" name="m1" time="0.001"/>
  <testcase classname="assignment1.A" name="m1" time="0.0"/>
  <testcase classname="assignment1.A" name="m1" time="0.001"/>
  <testcase classname="assignment1.A" name="m1" time="0.0"/>
  <testcase classname="assignment1.A" name="m1" time="0.0"/>
  <testcase classname="assignment1.A" name="m1" time="0.0"/>
  <testcase classname="assignment1.A" name="m1" time="0.0"/>
  <testcase classname="assignment1.A" name="m1" time="0.001"/>
  <testcase classname="assignment1.A" name="m1" time="0.0"/>
  <testcase classname="assignment1.A" name="m1" time="0.0"/>
  <testcase classname="assignment1.A" name="m1" time="0.0"/>
  <testcase classname="assignment1.A" name="m1" time="0.0"/>
  <testcase classname="assignment1.A" name="m1" time="0.0"/>
  <testcase classname="assignment1.A" name="m1" time="0.0"/>
  <testcase classname="assignment1.A" name="m1" time="0.0"/>
  <testcase classname="assignment1.A" name="m1" time="0.0"/>
  <testcase classname="assignment1.A" name="m1" time="0.0"/>
  <testcase classname="assignment1.A" name="m1" time="0.0"/>
  <testcase classname="assignment1.A" name="m1" time="0.0"/>
  <testcase classname="assignment1.A" name="m1" time="0.0"/>
  <testcase classname="assignment1.A" name="m1" time="0.0"/>
  <testcase classname="assignment1.A" name="m1" time="0.0"/>
  <testcase classname="assignment1.A" name="m1" time="0.0"/>
  <testcase classname="assignment1.A" name="m1" time="0.0"/>
  <testcase classname="assignment1.A" name="m1" time="0.0"/>
  <testcase classname="assignment1.A" name="m1" time="0.0"/>
  <testcase classname="assignment1.A" name="m1" time="0.0"/>
  <testcase classname="assignment1.A" name="m1" time="0.0"/>
  <testcase classname="assignment1.A" name="m1" time="0.0"/>
  <testcase classname="assignment1.A" name="m1" time="0.0"/>
  <testcase classname="assignment1.A" name="m1" time="0.001"/>
  <testcase classname="assignment1.A" name="m1" time="0.0"/>
  <testcase classname="assignment1.A" name="m1" time="0.001"/>
  <testcase classname="assignment1.A" name="m1" time="0.001"/>
  <testcase classname="assignment1.A" name="m1" time="0.001"/>
  <testcase classname="assignment1.A" name="m1" time="0.0"/>
  <testcase classname="assignment1.A" name="m1" time="0.0"/>
  <testcase classname="assignment1.A" name="m1" time="0.0"/>
  <testcase classname="assignment1.A" name="m1" time="0.0"/>
  <testcase classname="assignment1.A" name="m1" time="0.0"/>
  <testcase classname="assignment1.A" name="m1" time="0.0"/>
  <testcase classname="assignment1.A" name="m1" time="0.001"/>
  <testcase classname="assignment1.A" name="m1" time="0.0"/>
  <testcase classname="assignment1.A" name="m1" time="0.0"/>
  <testcase classname="assignment1.A" name="m1" time="0.0"/>
  <testcase classname="assignment1.A" name="m1" time="0.001"/>
  <testcase classname="assignment1.A" name="m1" time="0.002"/>
  <testcase classname="assignment1.A" name="m1" time="0.0"/>
  <testcase classname="assignment1.A" name="m1" time="0.0"/>
  <testcase classname="assignment1.A" name="m1" time="0.0"/>
  <testcase classname="assignment1.A" name="m1" time="0.0"/>
  <testcase classname="assignment1.A" name="m1" time="0.0"/>
  <testcase classname="assignment1.A" name="m1" time="0.0"/>
  <testcase classname="assignment1.A" name="m1" time="0.001"/>
  <testcase classname="assignment1.A" name="m1" time="0.0"/>
  <testcase classname="assignment1.A" name="m1" time="0.0"/>
  <testcase classname="assignment1.A" name="m1" time="0.0"/>
  <testcase classname="assignment1.A" name="m1" time="0.0"/>
  <testcase classname="assignment1.A" name="m1" time="0.0"/>
  <testcase classname="assignment1.A" name="m1" time="0.001"/>
  <testcase classname="assignment1.A" name="m1" time="0.0"/>
  <testcase classname="assignment1.A" name="m1" time="0.001"/>
  <testcase classname="assignment1.A" name="m1" time="0.0"/>
  <testcase classname="assignment1.A" name="m1" time="0.0"/>
  <testcase classname="assignment1.A" name="m1" time="0.0"/>
  <testcase classname="assignment1.A" name="m1" time="0.0"/>
  <testcase classname="assignment1.A" name="m1" time="0.0"/>
  <testcase classname="assignment1.A" name="m1" time="0.0"/>
  <testcase classname="assignment1.A" name="m1" time="0.0"/>
  <testcase classname="assignment1.A" name="m1" time="0.001"/>
  <testcase classname="assignment1.A" name="m1" time="0.0"/>
  <testcase classname="assignment1.A" name="m1" time="0.0"/>
  <testcase classname="assignment1.A" name="m1" time="0.001"/>
  <testcase classname="assignment1.A" name="m1" time="0.0"/>
  <testcase classname="assignment1.A" name="m1" time="0.0"/>
  <testcase classname="assignment1.A" name="m1" time="0.001"/>
  <testcase classname="assignment1.A" name="m1" time="0.0"/>
  <testcase classname="assignment1.A" name="m1" time="0.0"/>
  <testcase classname="assignment1.A" name="m1" time="0.001"/>
  <testcase classname="assignment1.A" name="m1" time="0.0"/>
  <testcase classname="assignment1.A" name="m1" time="0.0"/>
  <testcase classname="assignment1.A" name="m1" time="0.001"/>
  <testcase classname="assignment1.A" name="m1" time="0.0"/>
  <testcase classname="assignment1.A" name="m1" time="0.0"/>
  <testcase classname="assignment1.A" name="m1" time="0.0"/>
  <testcase classname="assignment1.A" name="m1" time="0.0"/>
  <testcase classname="assignment1.A" name="m1" time="0.0"/>
  <testcase classname="assignment1.A" name="m1" time="0.0"/>
  <testcase classname="assignment1.A" name="m1" time="0.0"/>
  <testcase classname="assignment1.A" name="m1" time="0.0"/>
  <testcase classname="assignment1.A" name="m1" time="0.0"/>
  <testcase classname="assignment1.A" name="m1" time="0.0"/>
  <testcase classname="assignment1.A" name="m1" time="0.0"/>
  <testcase classname="assignment1.A" name="m1" time="0.0"/>
  <testcase classname="assignment1.A" name="m1" time="0.0"/>
  <testcase classname="assignment1.A" name="m1" time="0.001"/>
  <testcase classname="assignment1.A" name="m1" time="0.0"/>
  <testcase classname="assignment1.A" name="m1" time="0.0"/>
  <testcase classname="assignment1.A" name="m1" time="0.0"/>
  <testcase classname="assignment1.A" name="m1" time="0.0"/>
  <testcase classname="assignment1.A" name="m1" time="0.0"/>
  <testcase classname="assignment1.A" name="m1" time="0.001"/>
  <testcase classname="assignment1.A" name="m1" time="0.0"/>
  <testcase classname="assignment1.A" name="m1" time="0.0"/>
  <testcase classname="assignment1.A" name="m1" time="0.001"/>
  <testcase classname="assignment1.A" name="m1" time="0.001"/>
  <testcase classname="assignment1.A" name="m1" time="0.0"/>
  <testcase classname="assignment1.A" name="m1" time="0.0"/>
  <testcase classname="assignment1.A" name="m1" time="0.0"/>
  <testcase classname="assignment1.A" name="m1" time="0.0"/>
  <testcase classname="assignment1.A" name="m1" time="0.0"/>
  <testcase classname="assignment1.A" name="m1" time="0.0"/>
  <testcase classname="assignment1.A" name="m1" time="0.0"/>
  <testcase classname="assignment1.A" name="m1" time="0.0"/>
  <testcase classname="assignment1.A" name="m1" time="0.0"/>
  <testcase classname="assignment1.A" name="m1" time="0.001"/>
  <testcase classname="assignment1.A" name="m1" time="0.0"/>
  <testcase classname="assignment1.A" name="m1" time="0.0"/>
  <testcase classname="assignment1.A" name="m1" time="0.0"/>
  <testcase classname="assignment1.A" name="m1" time="0.0"/>
  <testcase classname="assignment1.A" name="m1" time="0.0"/>
  <testcase classname="assignment1.A" name="m1" time="0.0"/>
  <testcase classname="assignment1.A" name="m1" time="0.0"/>
  <testcase classname="assignment1.A" name="m1" time="0.001"/>
  <testcase classname="assignment1.A" name="m1" time="0.0"/>
  <testcase classname="assignment1.A" name="m1" time="0.0"/>
  <testcase classname="assignment1.A" name="m1" time="0.0"/>
  <testcase classname="assignment1.A" name="m1" time="0.0"/>
  <testcase classname="assignment1.A" name="m1" time="0.001"/>
  <testcase classname="assignment1.A" name="m1" time="0.0"/>
  <testcase classname="assignment1.A" name="m1" time="0.0"/>
  <testcase classname="assignment1.A" name="m1" time="0.0"/>
  <testcase classname="assignment1.A" name="m1" time="0.0"/>
  <testcase classname="assignment1.A" name="m1" time="0.001"/>
  <testcase classname="assignment1.A" name="m1" time="0.0"/>
  <testcase classname="assignment1.A" name="m1" time="0.0"/>
  <testcase classname="assignment1.A" name="m1" time="0.0"/>
  <testcase classname="assignment1.A" name="m1" time="0.0"/>
  <testcase classname="assignment1.A" name="m1" time="0.0"/>
  <testcase classname="assignment1.A" name="m1" time="0.0"/>
  <testcase classname="assignment1.A" name="m1" time="0.0"/>
  <testcase classname="assignment1.A" name="m1" time="0.0"/>
  <testcase classname="assignment1.A" name="m1" time="0.001"/>
  <testcase classname="assignment1.A" name="m1" time="0.0"/>
  <testcase classname="assignment1.A" name="m1" time="0.0"/>
  <testcase classname="assignment1.A" name="m1" time="0.0"/>
  <testcase classname="assignment1.A" name="m1" time="0.0"/>
  <testcase classname="assignment1.A" name="m1" time="0.001"/>
  <testcase classname="assignment1.A" name="m1" time="0.0"/>
  <testcase classname="assignment1.A" name="m1" time="0.0"/>
  <testcase classname="assignment1.A" name="m1" time="0.001"/>
  <testcase classname="assignment1.A" name="m1" time="0.0"/>
  <testcase classname="assignment1.A" name="m1" time="0.0"/>
  <testcase classname="assignment1.A" name="m1" time="0.001"/>
  <testcase classname="assignment1.A" name="m1" time="0.0"/>
  <testcase classname="assignment1.A" name="m1" time="0.0"/>
  <testcase classname="assignment1.A" name="m1" time="0.0"/>
  <testcase classname="assignment1.A" name="m1" time="0.001"/>
  <testcase classname="assignment1.A" name="m1" time="0.0"/>
  <testcase classname="assignment1.A" name="m1" time="0.0"/>
  <testcase classname="assignment1.A" name="m1" time="0.001"/>
  <testcase classname="assignment1.A" name="m1" time="0.0"/>
  <testcase classname="assignment1.A" name="m1" time="0.0"/>
  <testcase classname="assignment1.A" name="m1" time="0.0"/>
  <testcase classname="assignment1.A" name="m1" time="0.0"/>
  <testcase classname="assignment1.A" name="m1" time="0.0"/>
  <testcase classname="assignment1.A" name="m1" time="0.0"/>
  <testcase classname="assignment1.A" name="m1" time="0.0"/>
  <testcase classname="assignment1.A" name="m1" time="0.0"/>
  <testcase classname="assignment1.A" name="m1" time="0.0"/>
  <testcase classname="assignment1.A" name="m1" time="0.0"/>
  <testcase classname="assignment1.A" name="m1" time="0.001"/>
  <testcase classname="assignment1.A" name="m1" time="0.0"/>
  <testcase classname="assignment1.A" name="m1" time="0.0"/>
  <testcase classname="assignment1.A" name="m1" time="0.0"/>
  <testcase classname="assignment1.A" name="m1" time="0.0"/>
  <testcase classname="assignment1.A" name="m1" time="0.0"/>
  <testcase classname="assignment1.A" name="m1" time="0.0"/>
  <testcase classname="assignment1.A" name="m1" time="0.001"/>
  <testcase classname="assignment1.A" name="m1" time="0.0"/>
  <testcase classname="assignment1.A" name="m1" time="0.0"/>
  <testcase classname="assignment1.A" name="m1" time="0.001"/>
  <testcase classname="assignment1.A" name="m1" time="0.0"/>
  <testcase classname="assignment1.A" name="m1" time="0.0"/>
  <testcase classname="assignment1.A" name="m1" time="0.001"/>
  <testcase classname="assignment1.A" name="m1" time="0.0"/>
  <testcase classname="assignment1.A" name="m1" time="0.0"/>
  <testcase classname="assignment1.A" name="m1" time="0.0"/>
  <testcase classname="assignment1.A" name="m1" time="0.0"/>
  <testcase classname="assignment1.A" name="m1" time="0.0"/>
  <testcase classname="assignment1.A" name="m1" time="0.0"/>
  <testcase classname="assignment1.A" name="m1" time="0.0"/>
  <testcase classname="assignment1.A" name="m1" time="0.001"/>
  <testcase classname="assignment1.A" name="m1" time="0.0"/>
  <testcase classname="assignment1.A" name="m1" time="0.0"/>
  <testcase classname="assignment1.A" name="m1" time="0.0"/>
  <testcase classname="assignment1.A" name="m1" time="0.001"/>
  <testcase classname="assignment1.A" name="m1" time="0.0"/>
  <testcase classname="assignment1.A" name="m1" time="0.0"/>
  <testcase classname="assignment1.A" name="m1" time="0.0"/>
  <testcase classname="assignment1.A" name="m1" time="0.0"/>
  <testcase classname="assignment1.A" name="m1" time="0.0"/>
  <testcase classname="assignment1.A" name="m1" time="0.0"/>
  <testcase classname="assignment1.A" name="m1" time="0.0"/>
  <testcase classname="assignment1.A" name="m1" time="0.0"/>
  <testcase classname="assignment1.A" name="m1" time="0.0"/>
  <testcase classname="assignment1.A" name="m1" time="0.0"/>
  <testcase classname="assignment1.A" name="m1" time="0.0"/>
  <testcase classname="assignment1.A" name="m1" time="0.0"/>
  <testcase classname="assignment1.A" name="m1" time="0.0"/>
  <testcase classname="assignment1.A" name="m1" time="0.0"/>
  <testcase classname="assignment1.A" name="m1" time="0.0"/>
  <testcase classname="assignment1.A" name="m1" time="0.0"/>
  <testcase classname="assignment1.A" name="m1" time="0.0"/>
  <testcase classname="assignment1.A" name="m1" time="0.0"/>
  <testcase classname="assignment1.A" name="m1" time="0.0"/>
  <testcase classname="assignment1.A" name="m1" time="0.0"/>
  <testcase classname="assignment1.A" name="m1" time="0.0"/>
  <testcase classname="assignment1.A" name="m1" time="0.0"/>
  <testcase classname="assignment1.A" name="m1" time="0.0"/>
  <testcase classname="assignment1.A" name="m1" time="0.001"/>
  <testcase classname="assignment1.A" name="m1" time="0.0"/>
  <testcase classname="assignment1.A" name="m1" time="0.0"/>
  <testcase classname="assignment1.A" name="m1" time="0.0"/>
  <testcase classname="assignment1.A" name="m1" time="0.0"/>
  <testcase classname="assignment1.A" name="m1" time="0.0"/>
  <testcase classname="assignment1.A" name="m1" time="0.0"/>
  <testcase classname="assignment1.A" name="m1" time="0.001"/>
  <testcase classname="assignment1.A" name="m1" time="0.0"/>
  <testcase classname="assignment1.A" name="m1" time="0.0"/>
  <testcase classname="assignment1.A" name="m1" time="0.0"/>
  <testcase classname="assignment1.A" name="m1" time="0.0"/>
  <testcase classname="assignment1.A" name="m1" time="0.0"/>
  <testcase classname="assignment1.A" name="m1" time="0.001"/>
  <testcase classname="assignment1.A" name="m1" time="0.0"/>
  <testcase classname="assignment1.A" name="m1" time="0.0"/>
  <testcase classname="assignment1.A" name="m1" time="0.0"/>
  <testcase classname="assignment1.A" name="m1" time="0.0"/>
  <testcase classname="assignment1.A" name="m1" time="0.0"/>
  <testcase classname="assignment1.A" name="m1" time="0.0"/>
  <testcase classname="assignment1.A" name="m1" time="0.0"/>
  <testcase classname="assignment1.A" name="m1" time="0.0"/>
  <testcase classname="assignment1.A" name="m1" time="0.0"/>
  <testcase classname="assignment1.A" name="m1" time="0.001"/>
  <testcase classname="assignment1.A" name="m1" time="0.0"/>
  <testcase classname="assignment1.A" name="m1" time="0.0"/>
  <testcase classname="assignment1.A" name="m1" time="0.0"/>
  <testcase classname="assignment1.A" name="m1" time="0.0"/>
  <testcase classname="assignment1.A" name="m1" time="0.0"/>
  <testcase classname="assignment1.A" name="m1" time="0.0"/>
  <testcase classname="assignment1.A" name="m1" time="0.0"/>
  <testcase classname="assignment1.A" name="m1" time="0.0"/>
  <testcase classname="assignment1.A" name="m1" time="0.0"/>
  <testcase classname="assignment1.A" name="m1" time="0.001"/>
  <testcase classname="assignment1.A" name="m1" time="0.0"/>
  <testcase classname="assignment1.A" name="m1" time="0.0"/>
  <testcase classname="assignment1.A" name="m1" time="0.0"/>
  <testcase classname="assignment1.A" name="m1" time="0.0"/>
  <testcase classname="assignment1.A" name="m1" time="0.0"/>
  <testcase classname="assignment1.A" name="m1" time="0.0"/>
  <testcase classname="assignment1.A" name="m1" time="0.001"/>
  <testcase classname="assignment1.A" name="m1" time="0.0"/>
  <testcase classname="assignment1.A" name="m1" time="0.0"/>
  <testcase classname="assignment1.A" name="m1" time="0.0"/>
  <testcase classname="assignment1.A" name="m1" time="0.001"/>
  <testcase classname="assignment1.A" name="m1" time="0.0"/>
  <testcase classname="assignment1.A" name="m1" time="0.0"/>
  <testcase classname="assignment1.A" name="m1" time="0.0"/>
  <testcase classname="assignment1.A" name="m1" time="0.0"/>
  <testcase classname="assignment1.A" name="m1" time="0.0"/>
  <testcase classname="assignment1.A" name="m1" time="0.0"/>
  <testcase classname="assignment1.A" name="m1" time="0.0"/>
  <testcase classname="assignment1.A" name="m1" time="0.0"/>
  <testcase classname="assignment1.A" name="m1" time="0.0"/>
  <testcase classname="assignment1.A" name="m1" time="0.0"/>
  <testcase classname="assignment1.A" name="m1" time="0.0"/>
  <testcase classname="assignment1.A" name="m1" time="0.0"/>
  <testcase classname="assignment1.A" name="m1" time="0.0"/>
  <testcase classname="assignment1.A" name="m1" time="0.0"/>
  <testcase classname="assignment1.A" name="m1" time="0.0"/>
  <testcase classname="assignment1.A" name="m1" time="0.0"/>
  <testcase classname="assignment1.A" name="m1" time="0.0"/>
  <testcase classname="assignment1.A" name="m1" time="0.0"/>
  <testcase classname="assignment1.A" name="m1" time="0.0"/>
  <testcase classname="assignment1.A" name="m1" time="0.0"/>
  <testcase classname="assignment1.A" name="m1" time="0.0"/>
  <testcase classname="assignment1.A" name="m1" time="0.001"/>
  <testcase classname="assignment1.A" name="m1" time="0.0"/>
  <testcase classname="assignment1.A" name="m1" time="0.0"/>
  <testcase classname="assignment1.A" name="m1" time="0.0"/>
  <testcase classname="assignment1.A" name="m1" time="0.0"/>
  <testcase classname="assignment1.A" name="m1" time="0.0"/>
  <testcase classname="assignment1.A" name="m1" time="0.0"/>
  <testcase classname="assignment1.A" name="m1" time="0.0"/>
  <testcase classname="assignment1.A" name="m1" time="0.0"/>
  <testcase classname="assignment1.A" name="m1" time="0.001"/>
  <testcase classname="assignment1.A" name="m1" time="0.0"/>
  <testcase classname="assignment1.A" name="m1" time="0.001"/>
  <testcase classname="assignment1.A" name="m1" time="0.001"/>
  <testcase classname="assignment1.A" name="m1" time="0.0"/>
  <testcase classname="assignment1.A" name="m1" time="0.0"/>
  <testcase classname="assignment1.A" name="m1" time="0.0"/>
  <testcase classname="assignment1.A" name="m1" time="0.0"/>
  <testcase classname="assignment1.A" name="m1" time="0.0"/>
  <testcase classname="assignment1.A" name="m1" time="0.0"/>
  <testcase classname="assignment1.A" name="m1" time="0.0"/>
  <testcase classname="assignment1.A" name="m1" time="0.0"/>
  <testcase classname="assignment1.A" name="m1" time="0.0"/>
  <testcase classname="assignment1.A" name="m1" time="0.0"/>
  <testcase classname="assignment1.A" name="m1" time="0.0"/>
  <testcase classname="assignment1.A" name="m1" time="0.0"/>
  <testcase classname="assignment1.A" name="m1" time="0.0"/>
  <testcase classname="assignment1.A" name="m1" time="0.0"/>
  <testcase classname="assignment1.A" name="m1" time="0.0"/>
  <testcase classname="assignment1.A" name="m1" time="0.0"/>
  <testcase classname="assignment1.A" name="m1" time="0.001"/>
  <testcase classname="assignment1.A" name="m1" time="0.0"/>
  <testcase classname="assignment1.A" name="m1" time="0.0"/>
  <testcase classname="assignment1.A" name="m1" time="0.0"/>
  <testcase classname="assignment1.A" name="m1" time="0.0"/>
  <testcase classname="assignment1.A" name="m1" time="0.001"/>
  <testcase classname="assignment1.A" name="m1" time="0.0"/>
  <testcase classname="assignment1.A" name="m1" time="0.0"/>
  <testcase classname="assignment1.A" name="m1" time="0.0"/>
  <testcase classname="assignment1.A" name="m1" time="0.0"/>
  <testcase classname="assignment1.A" name="m1" time="0.0"/>
  <testcase classname="assignment1.A" name="m1" time="0.0"/>
  <testcase classname="assignment1.A" name="m1" time="0.0"/>
  <testcase classname="assignment1.A" name="m1" time="0.0"/>
  <testcase classname="assignment1.A" name="m1" time="0.0"/>
  <testcase classname="assignment1.A" name="m1" time="0.0"/>
  <testcase classname="assignment1.A" name="m1" time="0.0"/>
  <testcase classname="assignment1.A" name="m1" time="0.0"/>
  <testcase classname="assignment1.A" name="m1" time="0.0"/>
  <testcase classname="assignment1.A" name="m1" time="0.0"/>
  <testcase classname="assignment1.A" name="m1" time="0.0"/>
  <testcase classname="assignment1.A" name="m1" time="0.0"/>
  <testcase classname="assignment1.A" name="m1" time="0.0"/>
  <testcase classname="assignment1.A" name="m1" time="0.0"/>
  <testcase classname="assignment1.A" name="m1" time="0.0"/>
  <testcase classname="assignment1.A" name="m1" time="0.0"/>
  <testcase classname="assignment1.A" name="m1" time="0.0"/>
  <testcase classname="assignment1.A" name="m1" time="0.0"/>
  <testcase classname="assignment1.A" name="m1" time="0.0"/>
  <testcase classname="assignment1.A" name="m1" time="0.0"/>
  <testcase classname="assignment1.A" name="m1" time="0.0"/>
  <testcase classname="assignment1.A" name="m1" time="0.0"/>
  <testcase classname="assignment1.A" name="m1" time="0.0"/>
  <testcase classname="assignment1.A" name="m1" time="0.0"/>
  <testcase classname="assignment1.A" name="m1" time="0.0"/>
  <testcase classname="assignment1.A" name="m1" time="0.0"/>
  <testcase classname="assignment1.A" name="m1" time="0.001"/>
  <testcase classname="assignment1.A" name="m1" time="0.0"/>
  <testcase classname="assignment1.A" name="m1" time="0.0"/>
  <testcase classname="assignment1.A" name="m1" time="0.001"/>
  <testcase classname="assignment1.A" name="m1" time="0.0"/>
  <testcase classname="assignment1.A" name="m1" time="0.0"/>
  <testcase classname="assignment1.A" name="m1" time="0.001"/>
  <testcase classname="assignment1.A" name="m1" time="0.0"/>
  <testcase classname="assignment1.A" name="m1" time="0.0"/>
  <testcase classname="assignment1.A" name="m1" time="0.0"/>
  <testcase classname="assignment1.A" name="m1" time="0.0"/>
  <testcase classname="assignment1.A" name="m1" time="0.0"/>
  <testcase classname="assignment1.A" name="m1" time="0.0"/>
  <testcase classname="assignment1.A" name="m1" time="0.0"/>
  <testcase classname="assignment1.A" name="m1" time="0.001"/>
  <testcase classname="assignment1.A" name="m1" time="0.0"/>
  <testcase classname="assignment1.A" name="m1" time="0.0"/>
  <testcase classname="assignment1.A" name="m1" time="0.001"/>
  <testcase classname="assignment1.A" name="m1" time="0.001"/>
  <testcase classname="assignment1.A" name="m1" time="0.001"/>
  <testcase classname="assignment1.A" name="m1" time="0.0"/>
  <testcase classname="assignment1.A" name="m1" time="0.0"/>
  <testcase classname="assignment1.A" name="m1" time="0.001"/>
  <testcase classname="assignment1.A" name="m1" time="0.0"/>
  <testcase classname="assignment1.A" name="m1" time="0.001"/>
  <testcase classname="assignment1.A" name="m1" time="0.0"/>
  <testcase classname="assignment1.A" name="m1" time="0.0"/>
  <testcase classname="assignment1.A" name="m1" time="0.0"/>
  <testcase classname="assignment1.A" name="m1" time="0.001"/>
  <testcase classname="assignment1.A" name="m1" time="0.0"/>
  <testcase classname="assignment1.A" name="m1" time="0.0"/>
  <testcase classname="assignment1.A" name="m1" time="0.0"/>
  <testcase classname="assignment1.A" name="m1" time="0.0"/>
  <testcase classname="assignment1.A" name="m1" time="0.001"/>
  <testcase classname="assignment1.A" name="m1" time="0.0"/>
  <testcase classname="assignment1.A" name="m1" time="0.0"/>
  <testcase classname="assignment1.A" name="m1" time="0.0"/>
  <testcase classname="assignment1.A" name="m1" time="0.0"/>
  <testcase classname="assignment1.A" name="m1" time="0.0"/>
  <testcase classname="assignment1.A" name="m1" time="0.0"/>
  <testcase classname="assignment1.A" name="m1" time="0.0"/>
  <testcase classname="assignment1.A" name="m1" time="0.0"/>
  <testcase classname="assignment1.A" name="m1" time="0.0"/>
  <testcase classname="assignment1.A" name="m1" time="0.001"/>
  <testcase classname="assignment1.A" name="m1" time="0.0"/>
  <testcase classname="assignment1.A" name="m1" time="0.0"/>
  <testcase classname="assignment1.A" name="m1" time="0.0"/>
  <testcase classname="assignment1.A" name="m1" time="0.0"/>
  <testcase classname="assignment1.A" name="m1" time="0.0"/>
  <testcase classname="assignment1.A" name="m1" time="0.0"/>
  <testcase classname="assignment1.A" name="m1" time="0.0"/>
  <testcase classname="assignment1.A" name="m1" time="0.0"/>
  <testcase classname="assignment1.A" name="m1" time="0.0"/>
  <testcase classname="assignment1.A" name="m1" time="0.0"/>
  <testcase classname="assignment1.A" name="m1" time="0.001"/>
  <testcase classname="assignment1.A" name="m1" time="0.0"/>
  <testcase classname="assignment1.A" name="m1" time="0.0"/>
  <testcase classname="assignment1.A" name="m1" time="0.0"/>
  <testcase classname="assignment1.A" name="m1" time="0.0"/>
  <testcase classname="assignment1.A" name="m1" time="0.0"/>
  <testcase classname="assignment1.A" name="m1" time="0.001"/>
  <testcase classname="assignment1.A" name="m1" time="0.0"/>
  <testcase classname="assignment1.A" name="m1" time="0.0"/>
  <testcase classname="assignment1.A" name="m1" time="0.0"/>
  <testcase classname="assignment1.A" name="m1" time="0.0"/>
  <testcase classname="assignment1.A" name="m1" time="0.0"/>
  <testcase classname="assignment1.A" name="m1" time="0.001"/>
  <testcase classname="assignment1.A" name="m1" time="0.0"/>
  <testcase classname="assignment1.A" name="m1" time="0.0"/>
  <testcase classname="assignment1.A" name="m1" time="0.0"/>
  <testcase classname="assignment1.A" name="m1" time="0.0"/>
  <testcase classname="assignment1.A" name="m1" time="0.0"/>
  <testcase classname="assignment1.A" name="m1" time="0.0"/>
  <testcase classname="assignment1.A" name="m1" time="0.0"/>
  <testcase classname="assignment1.A" name="m1" time="0.0"/>
  <testcase classname="assignment1.A" name="m1" time="0.001"/>
  <testcase classname="assignment1.A" name="m1" time="0.0"/>
  <testcase classname="assignment1.A" name="m1" time="0.0"/>
  <testcase classname="assignment1.A" name="m1" time="0.0"/>
  <testcase classname="assignment1.A" name="m1" time="0.0"/>
  <testcase classname="assignment1.A" name="m1" time="0.0"/>
  <testcase classname="assignment1.A" name="m1" time="0.0"/>
  <testcase classname="assignment1.A" name="m1" time="0.0"/>
  <testcase classname="assignment1.A" name="m1" time="0.0"/>
  <testcase classname="assignment1.A" name="m1" time="0.0"/>
  <testcase classname="assignment1.A" name="m1" time="0.0"/>
  <testcase classname="assignment1.A" name="m1" time="0.001"/>
  <testcase classname="assignment1.A" name="m1" time="0.0"/>
  <testcase classname="assignment1.A" name="m1" time="0.0"/>
  <testcase classname="assignment1.A" name="m1" time="0.0"/>
  <testcase classname="assignment1.A" name="m1" time="0.0"/>
  <testcase classname="assignment1.A" name="m1" time="0.0"/>
  <testcase classname="assignment1.A" name="m1" time="0.0"/>
  <testcase classname="assignment1.A" name="m1" time="0.0"/>
  <testcase classname="assignment1.A" name="m1" time="0.0"/>
  <testcase classname="assignment1.A" name="m1" time="0.0"/>
  <testcase classname="assignment1.A" name="m1" time="0.0"/>
  <testcase classname="assignment1.A" name="m1" time="0.0"/>
  <testcase classname="assignment1.A" name="m1" time="0.0"/>
  <testcase classname="assignment1.A" name="m1" time="0.0"/>
  <testcase classname="assignment1.A" name="m1" time="0.0"/>
  <testcase classname="assignment1.A" name="m1" time="0.0"/>
  <testcase classname="assignment1.A" name="m1" time="0.0"/>
  <testcase classname="assignment1.A" name="m1" time="0.0"/>
  <testcase classname="assignment1.A" name="m1" time="0.0"/>
  <testcase classname="assignment1.A" name="m1" time="0.0"/>
  <testcase classname="assignment1.A" name="m1" time="0.0"/>
  <testcase classname="assignment1.A" name="m1" time="0.0"/>
  <testcase classname="assignment1.A" name="m1" time="0.0"/>
  <testcase classname="assignment1.A" name="m1" time="0.0"/>
  <testcase classname="assignment1.A" name="m1" time="0.0"/>
  <testcase classname="assignment1.A" name="m1" time="0.0"/>
  <testcase classname="assignment1.A" name="m1" time="0.0"/>
  <testcase classname="assignment1.A" name="m1" time="0.0"/>
  <testcase classname="assignment1.A" name="m1" time="0.0"/>
  <testcase classname="assignment1.A" name="m1" time="0.0"/>
  <testcase classname="assignment1.A" name="m1" time="0.0"/>
  <testcase classname="assignment1.A" name="m1" time="0.001"/>
  <testcase classname="assignment1.A" name="m1" time="0.0"/>
  <testcase classname="assignment1.A" name="m1" time="0.0"/>
  <testcase classname="assignment1.A" name="m1" time="0.0"/>
  <testcase classname="assignment1.A" name="m1" time="0.0"/>
  <testcase classname="assignment1.A" name="m1" time="0.0"/>
  <testcase classname="assignment1.A" name="m1" time="0.0"/>
  <testcase classname="assignment1.A" name="m1" time="0.0"/>
  <testcase classname="assignment1.A" name="m1" time="0.0"/>
  <testcase classname="assignment1.A" name="m1" time="0.0"/>
  <testcase classname="assignment1.A" name="m1" time="0.0"/>
  <testcase classname="assignment1.A" name="m1" time="0.0"/>
  <testcase classname="assignment1.A" name="m1" time="0.0"/>
  <testcase classname="assignment1.A" name="m1" time="0.001"/>
  <testcase classname="assignment1.A" name="m1" time="0.0"/>
  <testcase classname="assignment1.A" name="m1" time="0.0"/>
  <testcase classname="assignment1.A" name="m1" time="0.0"/>
  <testcase classname="assignment1.A" name="m1" time="0.0"/>
  <testcase classname="assignment1.A" name="m1" time="0.0"/>
  <testcase classname="assignment1.A" name="m1" time="0.001"/>
  <testcase classname="assignment1.A" name="m1" time="0.0"/>
  <testcase classname="assignment1.A" name="m1" time="0.0"/>
  <testcase classname="assignment1.A" name="m1" time="0.0"/>
  <testcase classname="assignment1.A" name="m1" time="0.0"/>
  <testcase classname="assignment1.A" name="m1" time="0.0"/>
  <testcase classname="assignment1.A" name="m1" time="0.0"/>
  <testcase classname="assignment1.A" name="m1" time="0.001"/>
  <testcase classname="assignment1.A" name="m1" time="0.0"/>
  <testcase classname="assignment1.A" name="m1" time="0.0"/>
  <testcase classname="assignment1.A" name="m1" time="0.001"/>
  <testcase classname="assignment1.A" name="m1" time="0.0"/>
  <testcase classname="assignment1.A" name="m1" time="0.0"/>
  <testcase classname="assignment1.A" name="m1" time="0.0"/>
  <testcase classname="assignment1.A" name="m1" time="0.0"/>
  <testcase classname="assignment1.A" name="m1" time="0.0"/>
  <testcase classname="assignment1.A" name="m1" time="0.0"/>
  <testcase classname="assignment1.A" name="m1" time="0.0"/>
  <testcase classname="assignment1.A" name="m1" time="0.0"/>
  <testcase classname="assignment1.A" name="m1" time="0.001"/>
  <testcase classname="assignment1.A" name="m1" time="0.0"/>
  <testcase classname="assignment1.A" name="m1" time="0.0"/>
  <testcase classname="assignment1.A" name="m1" time="0.0"/>
  <testcase classname="assignment1.A" name="m1" time="0.0"/>
  <testcase classname="assignment1.A" name="m1" time="0.0"/>
  <testcase classname="assignment1.A" name="m1" time="0.0"/>
  <testcase classname="assignment1.A" name="m1" time="0.0"/>
  <testcase classname="assignment1.A" name="m1" time="0.0"/>
  <testcase classname="assignment1.A" name="m1" time="0.0"/>
  <testcase classname="assignment1.A" name="m1" time="0.0"/>
  <testcase classname="assignment1.A" name="m1" time="0.0"/>
  <testcase classname="assignment1.A" name="m1" time="0.0"/>
  <testcase classname="assignment1.A" name="m1" time="0.0"/>
  <testcase classname="assignment1.A" name="m1" time="0.0"/>
  <testcase classname="assignment1.A" name="m1" time="0.0"/>
  <testcase classname="assignment1.A" name="m1" time="0.0"/>
  <testcase classname="assignment1.A" name="m1" time="0.0"/>
  <testcase classname="assignment1.A" name="m1" time="0.0"/>
  <testcase classname="assignment1.A" name="m1" time="0.0"/>
  <testcase classname="assignment1.A" name="m1" time="0.0"/>
  <testcase classname="assignment1.A" name="m1" time="0.0"/>
  <testcase classname="assignment1.A" name="m1" time="0.0"/>
  <testcase classname="assignment1.A" name="m1" time="0.0"/>
  <testcase classname="assignment1.A" name="m1" time="0.0"/>
  <testcase classname="assignment1.A" name="m1" time="0.0"/>
  <testcase classname="assignment1.A" name="m1" time="0.0"/>
  <testcase classname="assignment1.A" name="m1" time="0.001"/>
  <testcase classname="assignment1.A" name="m1" time="0.0"/>
  <testcase classname="assignment1.A" name="m1" time="0.0"/>
  <testcase classname="assignment1.A" name="m1" time="0.0"/>
  <testcase classname="assignment1.A" name="m1" time="0.0"/>
  <testcase classname="assignment1.A" name="m1" time="0.0"/>
  <testcase classname="assignment1.A" name="m1" time="0.0"/>
  <testcase classname="assignment1.A" name="m1" time="0.0"/>
  <testcase classname="assignment1.A" name="m1" time="0.001"/>
  <testcase classname="assignment1.A" name="m1" time="0.0"/>
  <testcase classname="assignment1.A" name="m1" time="0.0"/>
  <testcase classname="assignment1.A" name="m1" time="0.0"/>
  <testcase classname="assignment1.A" name="m1" time="0.001"/>
  <testcase classname="assignment1.A" name="m1" time="0.0"/>
  <testcase classname="assignment1.A" name="m1" time="0.0"/>
  <testcase classname="assignment1.A" name="m1" time="0.0"/>
  <testcase classname="assignment1.A" name="m1" time="0.0"/>
  <testcase classname="assignment1.A" name="m1" time="0.0"/>
  <testcase classname="assignment1.A" name="m1" time="0.001"/>
  <testcase classname="assignment1.A" name="m1" time="0.001"/>
  <testcase classname="assignment1.A" name="m1" time="0.0"/>
  <testcase classname="assignment1.A" name="m1" time="0.0"/>
  <testcase classname="assignment1.A" name="m1" time="0.0"/>
  <testcase classname="assignment1.A" name="m1" time="0.0"/>
  <testcase classname="assignment1.A" name="m1" time="0.0"/>
  <testcase classname="assignment1.A" name="m1" time="0.0"/>
  <testcase classname="assignment1.A" name="m1" time="0.0"/>
  <testcase classname="assignment1.A" name="m1" time="0.001"/>
  <testcase classname="assignment1.A" name="m1" time="0.0"/>
  <testcase classname="assignment1.A" name="m1" time="0.0"/>
  <testcase classname="assignment1.A" name="m1" time="0.0"/>
  <testcase classname="assignment1.A" name="m1" time="0.0"/>
  <testcase classname="assignment1.A" name="m1" time="0.0"/>
  <testcase classname="assignment1.A" name="m1" time="0.0"/>
  <testcase classname="assignment1.A" name="m1" time="0.001"/>
  <testcase classname="assignment1.A" name="m1" time="0.0"/>
  <testcase classname="assignment1.A" name="m1" time="0.0"/>
  <testcase classname="assignment1.A" name="m1" time="0.0"/>
  <testcase classname="assignment1.A" name="m1" time="0.0"/>
  <testcase classname="assignment1.A" name="m1" time="0.0"/>
  <testcase classname="assignment1.A" name="m1" time="0.0"/>
  <testcase classname="assignment1.A" name="m1" time="0.0"/>
  <testcase classname="assignment1.A" name="m1" time="0.001"/>
  <testcase classname="assignment1.A" name="m1" time="0.0"/>
  <testcase classname="assignment1.A" name="m1" time="0.0"/>
  <testcase classname="assignment1.A" name="m1" time="0.0"/>
  <testcase classname="assignment1.A" name="m1" time="0.0"/>
  <testcase classname="assignment1.A" name="m1" time="0.0"/>
  <testcase classname="assignment1.A" name="m1" time="0.0"/>
  <testcase classname="assignment1.A" name="m1" time="0.0"/>
  <testcase classname="assignment1.A" name="m1" time="0.0"/>
  <testcase classname="assignment1.A" name="m1" time="0.0"/>
  <testcase classname="assignment1.A" name="m1" time="0.0"/>
  <testcase classname="assignment1.A" name="m1" time="0.0"/>
  <testcase classname="assignment1.A" name="m1" time="0.0"/>
  <testcase classname="assignment1.A" name="m1" time="0.0"/>
  <testcase classname="assignment1.A" name="m1" time="0.001"/>
  <testcase classname="assignment1.A" name="m1" time="0.0"/>
  <testcase classname="assignment1.A" name="m1" time="0.0"/>
  <testcase classname="assignment1.A" name="m1" time="0.0"/>
  <testcase classname="assignment1.A" name="m1" time="0.0"/>
  <testcase classname="assignment1.A" name="m1" time="0.0"/>
  <testcase classname="assignment1.A" name="m1" time="0.001"/>
  <testcase classname="assignment1.A" name="m1" time="0.0"/>
  <testcase classname="assignment1.A" name="m1" time="0.0"/>
  <testcase classname="assignment1.A" name="m1" time="0.0"/>
  <testcase classname="assignment1.A" name="m1" time="0.0"/>
  <testcase classname="assignment1.A" name="m1" time="0.0"/>
  <testcase classname="assignment1.A" name="m1" time="0.0"/>
  <testcase classname="assignment1.A" name="m1" time="0.0"/>
  <testcase classname="assignment1.A" name="m1" time="0.0"/>
  <testcase classname="assignment1.A" name="m1" time="0.001"/>
  <testcase classname="assignment1.A" name="m1" time="0.001"/>
  <testcase classname="assignment1.A" name="m1" time="0.0"/>
  <testcase classname="assignment1.A" name="m1" time="0.0"/>
  <testcase classname="assignment1.A" name="m1" time="0.0"/>
  <testcase classname="assignment1.A" name="m1" time="0.0"/>
  <testcase classname="assignment1.A" name="m1" time="0.0"/>
  <testcase classname="assignment1.A" name="m1" time="0.0"/>
  <testcase classname="assignment1.A" name="m1" time="0.0"/>
  <testcase classname="assignment1.A" name="m1" time="0.0"/>
  <testcase classname="assignment1.A" name="m1" time="0.0"/>
  <testcase classname="assignment1.A" name="m1" time="0.0"/>
  <testcase classname="assignment1.A" name="m1" time="0.0"/>
  <testcase classname="assignment1.A" name="m1" time="0.0"/>
  <testcase classname="assignment1.A" name="m1" time="0.0"/>
  <testcase classname="assignment1.A" name="m1" time="0.0"/>
  <testcase classname="assignment1.A" name="m1" time="0.0"/>
  <testcase classname="assignment1.A" name="m1" time="0.001"/>
  <testcase classname="assignment1.A" name="m1" time="0.0"/>
  <testcase classname="assignment1.A" name="m1" time="0.0"/>
  <testcase classname="assignment1.A" name="m1" time="0.0"/>
  <testcase classname="assignment1.A" name="m1" time="0.0"/>
  <testcase classname="assignment1.A" name="m1" time="0.0"/>
  <testcase classname="assignment1.A" name="m1" time="0.0"/>
  <testcase classname="assignment1.A" name="m1" time="0.0"/>
  <testcase classname="assignment1.A" name="m1" time="0.001"/>
  <testcase classname="assignment1.A" name="m1" time="0.0"/>
  <testcase classname="assignment1.A" name="m1" time="0.0"/>
  <testcase classname="assignment1.A" name="m1" time="0.0"/>
  <testcase classname="assignment1.A" name="m1" time="0.0"/>
  <testcase classname="assignment1.A" name="m1" time="0.0"/>
  <testcase classname="assignment1.A" name="m1" time="0.0"/>
  <testcase classname="assignment1.A" name="m1" time="0.0"/>
  <testcase classname="assignment1.A" name="m1" time="0.0"/>
  <testcase classname="assignment1.A" name="m1" time="0.001"/>
  <testcase classname="assignment1.A" name="m1" time="0.0"/>
  <testcase classname="assignment1.A" name="m1" time="0.0"/>
  <testcase classname="assignment1.A" name="m1" time="0.0"/>
  <testcase classname="assignment1.A" name="m1" time="0.0"/>
  <testcase classname="assignment1.A" name="m1" time="0.0"/>
  <testcase classname="assignment1.A" name="m1" time="0.0"/>
  <testcase classname="assignment1.A" name="m1" time="0.0"/>
  <testcase classname="assignment1.A" name="m1" time="0.0"/>
  <testcase classname="assignment1.A" name="m1" time="0.0"/>
  <testcase classname="assignment1.A" name="m1" time="0.0"/>
  <testcase classname="assignment1.A" name="m1" time="0.0"/>
  <testcase classname="assignment1.A" name="m1" time="0.0"/>
  <testcase classname="assignment1.A" name="m1" time="0.0"/>
  <testcase classname="assignment1.A" name="m1" time="0.0"/>
  <testcase classname="assignment1.A" name="m1" time="0.0"/>
  <testcase classname="assignment1.A" name="m1" time="0.0"/>
  <testcase classname="assignment1.A" name="m1" time="0.0"/>
  <testcase classname="assignment1.A" name="m1" time="0.0"/>
  <testcase classname="assignment1.A" name="m1" time="0.0"/>
  <testcase classname="assignment1.A" name="m1" time="0.0"/>
  <testcase classname="assignment1.A" name="m1" time="0.0"/>
  <testcase classname="assignment1.A" name="m1" time="0.0"/>
  <testcase classname="assignment1.A" name="m1" time="0.0"/>
  <testcase classname="assignment1.A" name="m1" time="0.0"/>
  <testcase classname="assignment1.A" name="m1" time="0.0"/>
  <testcase classname="assignment1.A" name="m1" time="0.001"/>
  <testcase classname="assignment1.A" name="m1" time="0.0"/>
  <testcase classname="assignment1.A" name="m1" time="0.0"/>
  <testcase classname="assignment1.A" name="m1" time="0.0"/>
  <testcase classname="assignment1.A" name="m1" time="0.001"/>
  <testcase classname="assignment1.A" name="m1" time="0.0"/>
  <testcase classname="assignment1.A" name="m1" time="0.001"/>
  <testcase classname="assignment1.A" name="m1" time="0.0"/>
  <testcase classname="assignment1.A" name="m1" time="0.0"/>
  <testcase classname="assignment1.A" name="m1" time="0.0"/>
  <testcase classname="assignment1.A" name="m1" time="0.0"/>
  <testcase classname="assignment1.A" name="m1" time="0.0"/>
  <testcase classname="assignment1.A" name="m1" time="0.0"/>
  <testcase classname="assignment1.A" name="m1" time="0.0"/>
  <testcase classname="assignment1.A" name="m1" time="0.0"/>
  <testcase classname="assignment1.A" name="m1" time="0.0"/>
  <testcase classname="assignment1.A" name="m1" time="0.0"/>
  <testcase classname="assignment1.A" name="m1" time="0.0"/>
  <testcase classname="assignment1.A" name="m1" time="0.0"/>
  <testcase classname="assignment1.A" name="m1" time="0.0"/>
  <testcase classname="assignment1.A" name="m1" time="0.001"/>
  <testcase classname="assignment1.A" name="m1" time="0.0"/>
  <testcase classname="assignment1.A" name="m1" time="0.0"/>
  <testcase classname="assignment1.A" name="m1" time="0.0"/>
  <testcase classname="assignment1.A" name="m1" time="0.0"/>
  <testcase classname="assignment1.A" name="m1" time="0.0"/>
  <testcase classname="assignment1.A" name="m1" time="0.0"/>
  <testcase classname="assignment1.A" name="m1" time="0.0"/>
  <testcase classname="assignment1.A" name="m1" time="0.0"/>
  <testcase classname="assignment1.A" name="m1" time="0.0"/>
  <testcase classname="assignment1.A" name="m1" time="0.0"/>
  <testcase classname="assignment1.A" name="m1" time="0.001"/>
  <testcase classname="assignment1.A" name="m1" time="0.0"/>
  <testcase classname="assignment1.A" name="m1" time="0.0"/>
  <testcase classname="assignment1.A" name="m1" time="0.0"/>
  <testcase classname="assignment1.A" name="m1" time="0.0"/>
  <testcase classname="assignment1.A" name="m1" time="0.0"/>
  <testcase classname="assignment1.A" name="m1" time="0.0"/>
  <testcase classname="assignment1.A" name="m1" time="0.0"/>
  <testcase classname="assignment1.A" name="m1" time="0.0"/>
  <testcase classname="assignment1.A" name="m1" time="0.0"/>
  <testcase classname="assignment1.A" name="m1" time="0.0"/>
  <testcase classname="assignment1.A" name="m1" time="0.0"/>
  <testcase classname="assignment1.A" name="m1" time="0.0"/>
  <testcase classname="assignment1.A" name="m1" time="0.001"/>
  <testcase classname="assignment1.A" name="m1" time="0.0"/>
  <testcase classname="assignment1.A" name="m1" time="0.0"/>
  <testcase classname="assignment1.A" name="m1" time="0.001"/>
  <testcase classname="assignment1.A" name="m1" time="0.0"/>
  <testcase classname="assignment1.A" name="m1" time="0.0"/>
  <testcase classname="assignment1.A" name="m1" time="0.001"/>
  <testcase classname="assignment1.A" name="m1" time="0.0"/>
  <testcase classname="assignment1.A" name="m1" time="0.0"/>
  <testcase classname="assignment1.A" name="m1" time="0.0"/>
  <testcase classname="assignment1.A" name="m1" time="0.001"/>
  <testcase classname="assignment1.A" name="m1" time="0.0"/>
  <testcase classname="assignment1.A" name="m1" time="0.0"/>
  <testcase classname="assignment1.A" name="m1" time="0.0"/>
  <testcase classname="assignment1.A" name="m1" time="0.0"/>
  <testcase classname="assignment1.A" name="m1" time="0.001"/>
  <testcase classname="assignment1.A" name="m1" time="0.0"/>
  <testcase classname="assignment1.A" name="m1" time="0.0"/>
  <testcase classname="assignment1.A" name="m1" time="0.0"/>
  <testcase classname="assignment1.A" name="m1" time="0.0"/>
  <testcase classname="assignment1.A" name="m1" time="0.0"/>
  <testcase classname="assignment1.A" name="m1" time="0.0"/>
  <testcase classname="assignment1.A" name="m1" time="0.0"/>
  <testcase classname="assignment1.A" name="m1" time="0.0"/>
  <testcase classname="assignment1.A" name="m1" time="0.0"/>
  <testcase classname="assignment1.A" name="m1" time="0.0"/>
  <testcase classname="assignment1.A" name="m1" time="0.002"/>
  <testcase classname="assignment1.A" name="m1" time="0.0"/>
  <testcase classname="assignment1.A" name="m1" time="0.0"/>
  <testcase classname="assignment1.A" name="m1" time="0.0"/>
  <testcase classname="assignment1.A" name="m1" time="0.0"/>
  <testcase classname="assignment1.A" name="m1" time="0.001"/>
  <testcase classname="assignment1.A" name="m1" time="0.0"/>
  <testcase classname="assignment1.A" name="m1" time="0.0"/>
  <testcase classname="assignment1.A" name="m1" time="0.001"/>
  <testcase classname="assignment1.A" name="m1" time="0.0"/>
  <testcase classname="assignment1.A" name="m1" time="0.0"/>
  <testcase classname="assignment1.A" name="m1" time="0.0"/>
  <testcase classname="assignment1.A" name="m1" time="0.0"/>
  <testcase classname="assignment1.A" name="m1" time="0.001"/>
  <testcase classname="assignment1.A" name="m1" time="0.0"/>
  <testcase classname="assignment1.A" name="m1" time="0.001"/>
  <testcase classname="assignment1.A" name="m1" time="0.0"/>
  <testcase classname="assignment1.A" name="m1" time="0.001"/>
  <testcase classname="assignment1.A" name="m1" time="0.002"/>
  <testcase classname="assignment1.A" name="m1" time="0.0"/>
  <testcase classname="assignment1.A" name="m1" time="0.001"/>
  <testcase classname="assignment1.A" name="m1" time="0.0"/>
  <testcase classname="assignment1.A" name="m1" time="0.0"/>
  <testcase classname="assignment1.A" name="m1" time="0.001"/>
  <testcase classname="assignment1.A" name="m1" time="0.0"/>
  <testcase classname="assignment1.A" name="m1" time="0.0"/>
  <testcase classname="assignment1.A" name="m1" time="0.0"/>
  <testcase classname="assignment1.A" name="m1" time="0.0"/>
  <testcase classname="assignment1.A" name="m1" time="0.0"/>
  <testcase classname="assignment1.A" name="m1" time="0.001"/>
  <testcase classname="assignment1.A" name="m1" time="0.0"/>
  <testcase classname="assignment1.A" name="m1" time="0.0"/>
  <testcase classname="assignment1.A" name="m1" time="0.0"/>
  <testcase classname="assignment1.A" name="m1" time="0.0"/>
  <testcase classname="assignment1.A" name="m1" time="0.001"/>
  <testcase classname="assignment1.A" name="m1" time="0.0"/>
  <testcase classname="assignment1.A" name="m1" time="0.0"/>
  <testcase classname="assignment1.A" name="m1" time="0.0"/>
  <testcase classname="assignment1.A" name="m1" time="0.0"/>
  <testcase classname="assignment1.A" name="m1" time="0.0"/>
  <testcase classname="assignment1.A" name="m1" time="0.0"/>
  <testcase classname="assignment1.A" name="m1" time="0.0"/>
  <testcase classname="assignment1.A" name="m1" time="0.0"/>
  <testcase classname="assignment1.A" name="m1" time="0.0"/>
  <testcase classname="assignment1.A" name="m1" time="0.0"/>
  <testcase classname="assignment1.A" name="m1" time="0.0"/>
  <testcase classname="assignment1.A" name="m1" time="0.0"/>
</testsuite> <!-- Test -->
