<?xml version="1.0" encoding="UTF-8"?>
<!-- Generated by org.testng.reporters.JUnitXMLReporter -->
<testsuite ignored="0" hostname="LAPTOP-B0UCABTJ" failures="0" tests="4" name="Test1" time="18.764" errors="0" timestamp="2022-04-05T21:35:39 IST">
  <testcase classname="testng1.ParallelTestTagExecution2" name="m3" time="8.384"/>
  <testcase classname="testng1.ParallelTestTagExecution2" name="m4" time="0.003"/>
  <testcase classname="testng1.ParallelTestTagExecution" name="m1" time="10.328"/>
  <testcase classname="testng1.ParallelTestTagExecution" name="m2" time="0.001"/>
</testsuite> <!-- Test1 -->
